<?xml version="1.0" encoding="UTF-8"?>
<testng-results total="2" passed="2" failed="0" skipped="0">
  <reporter-output>
  </reporter-output>
  <suite started-at="2022-10-28T09:38:32Z" name="Default suite" finished-at="2022-10-28T09:39:11Z" duration-ms="39376">
    <groups>
    </groups>
    <test started-at="2022-10-28T09:38:32Z" name="Default test" finished-at="2022-10-28T09:39:11Z" duration-ms="39376">
      <class name="Casestudy1.orangehrm1">
        <test-method is-config="true" signature="beforetest()[pri:0, instance:Casestudy1.orangehrm1@5b367418]" started-at="2022-10-28T15:08:32Z" name="beforetest" finished-at="2022-10-28T15:08:45Z" duration-ms="12992" status="PASS">
          <reporter-output>
          </reporter-output>
        </test-method> <!-- beforetest -->
        <test-method signature="Testcase1()[pri:0, instance:Casestudy1.orangehrm1@5b367418]" started-at="2022-10-28T15:08:45Z" name="Testcase1" finished-at="2022-10-28T15:09:04Z" duration-ms="19394" status="PASS">
          <reporter-output>
          </reporter-output>
        </test-method> <!-- Testcase1 -->
        <test-method signature="Testcase3()[pri:0, instance:Casestudy1.orangehrm1@5b367418]" started-at="2022-10-28T15:09:04Z" name="Testcase3" finished-at="2022-10-28T15:09:11Z" duration-ms="6961" status="PASS">
          <reporter-output>
          </reporter-output>
        </test-method> <!-- Testcase3 -->
      </class> <!-- Casestudy1.orangehrm1 -->
    </test> <!-- Default test -->
  </suite> <!-- Default suite -->
</testng-results>
