<?xml version="1.0" encoding="UTF-8"?>
<testng-results total="2" passed="2" failed="0" skipped="0">
  <reporter-output>
  </reporter-output>
  <suite started-at="2022-11-20T15:43:29Z" name="Suite" finished-at="2022-11-20T15:44:16Z" duration-ms="46198">
    <groups>
    </groups>
    <test started-at="2022-11-20T15:43:29Z" name="parallel1" finished-at="2022-11-20T15:43:56Z" duration-ms="26969">
      <class name="datadriven1.paralleltesting">
        <test-method is-config="true" signature="befortest(java.lang.String)[pri:0, instance:datadriven1.paralleltesting@8576fa0]" started-at="2022-11-20T21:13:29Z" name="befortest" finished-at="2022-11-20T21:13:34Z" duration-ms="4169" status="PASS">
          <params>
            <param index="0">
              <value>
                <![CDATA[chrome]]>
              </value>
            </param>
          </params>
          <reporter-output>
          </reporter-output>
        </test-method> <!-- befortest -->
        <test-method signature="test()[pri:0, instance:datadriven1.paralleltesting@8576fa0]" started-at="2022-11-20T21:13:34Z" name="test" finished-at="2022-11-20T21:13:56Z" duration-ms="22779" status="PASS">
          <reporter-output>
          </reporter-output>
        </test-method> <!-- test -->
      </class> <!-- datadriven1.paralleltesting -->
    </test> <!-- parallel1 -->
    <test started-at="2022-11-20T15:43:29Z" name="parallel" finished-at="2022-11-20T15:44:16Z" duration-ms="46182">
      <class name="datadriven1.paralleltesting">
        <test-method is-config="true" signature="befortest(java.lang.String)[pri:0, instance:datadriven1.paralleltesting@2421cc4]" started-at="2022-11-20T21:13:29Z" name="befortest" finished-at="2022-11-20T21:13:52Z" duration-ms="22952" status="PASS">
          <params>
            <param index="0">
              <value>
                <![CDATA[firefox]]>
              </value>
            </param>
          </params>
          <reporter-output>
          </reporter-output>
        </test-method> <!-- befortest -->
        <test-method signature="test()[pri:0, instance:datadriven1.paralleltesting@2421cc4]" started-at="2022-11-20T21:13:52Z" name="test" finished-at="2022-11-20T21:14:16Z" duration-ms="23225" status="PASS">
          <reporter-output>
          </reporter-output>
        </test-method> <!-- test -->
      </class> <!-- datadriven1.paralleltesting -->
    </test> <!-- parallel -->
  </suite> <!-- Suite -->
</testng-results>
