<?xml version="1.0" encoding="UTF-8"?>
<!-- Generated by org.testng.reporters.JUnitXMLReporter -->
<testsuite ignored="2" hostname="DESKTOP-KJ2AQ4I" failures="0" tests="2" name="smoke" time="0.133" errors="0" timestamp="2022-10-27T16:27:19 IST">
  <testcase classname="demoframework.test2" name="tc1" time="0.018"/>
  <testcase classname="demoframework.test2" name="tc3" time="0.005"/>
  <testcase classname="demoframework.test2" name="tc4" time="0.0">
    <ignored/>
  </testcase> <!-- tc4 -->
  <testcase classname="demoframework.test2" name="tc2" time="0.0">
    <ignored/>
  </testcase> <!-- tc2 -->
</testsuite> <!-- smoke -->
