<?xml version="1.0" encoding="UTF-8"?>
<!-- Generated by org.testng.reporters.JUnitXMLReporter -->
<testsuite ignored="2" hostname="DESKTOP-KJ2AQ4I" failures="0" tests="2" name="Test" time="0.128" errors="0" timestamp="2022-11-13T19:52:12 IST">
  <testcase classname="demoframework.carlon" name="carloan" time="0.021"/>
  <testcase classname="demoframework.Homeloan" name="homeloan" time="0.004"/>
  <testcase classname="demoframework.carlon" name="carloan1" time="0.0">
    <ignored/>
  </testcase> <!-- carloan1 -->
  <testcase classname="demoframework.Homeloan" name="homeloan1" time="0.0">
    <ignored/>
  </testcase> <!-- homeloan1 -->
</testsuite> <!-- Test -->
