<?xml version="1.0" encoding="UTF-8"?>
<testng-results total="1" passed="1" failed="0" skipped="0">
  <reporter-output>
  </reporter-output>
  <suite started-at="2022-10-07T12:05:38Z" name="Surefire suite" finished-at="2022-10-07T12:06:00Z" duration-ms="22065">
    <groups>
    </groups>
    <test started-at="2022-10-07T12:05:38Z" name="Surefire test" finished-at="2022-10-07T12:06:00Z" duration-ms="22065">
      <class name="firstdemo1.maven1">
        <test-method signature="testcase1()[pri:0, instance:firstdemo1.maven1@1d7acb34]" started-at="2022-10-07T17:35:38Z" name="testcase1" finished-at="2022-10-07T17:36:00Z" duration-ms="22038" status="PASS">
          <reporter-output>
          </reporter-output>
        </test-method> <!-- testcase1 -->
      </class> <!-- firstdemo1.maven1 -->
    </test> <!-- Surefire test -->
  </suite> <!-- Surefire suite -->
</testng-results>
