<?xml version="1.0" encoding="UTF-8"?>
<testng-results total="1" passed="1" failed="0" skipped="0">
  <reporter-output>
  </reporter-output>
  <suite started-at="2022-11-14T05:53:20Z" name="Default suite" finished-at="2022-11-14T05:53:44Z" duration-ms="24053">
    <groups>
    </groups>
    <test started-at="2022-11-14T05:53:20Z" name="Default test" finished-at="2022-11-14T05:53:44Z" duration-ms="24053">
      <class name="extentreport.frames2">
        <test-method is-config="true" signature="Test()[pri:0, instance:extentreport.frames2@51fadaff]" started-at="2022-11-14T11:23:20Z" name="Test" finished-at="2022-11-14T11:23:38Z" duration-ms="17698" status="PASS">
          <reporter-output>
          </reporter-output>
        </test-method> <!-- Test -->
        <test-method signature="test1()[pri:0, instance:extentreport.frames2@51fadaff]" started-at="2022-11-14T11:23:38Z" name="test1" finished-at="2022-11-14T11:23:44Z" duration-ms="6331" status="PASS">
          <reporter-output>
          </reporter-output>
        </test-method> <!-- test1 -->
      </class> <!-- extentreport.frames2 -->
    </test> <!-- Default test -->
  </suite> <!-- Default suite -->
</testng-results>
