<?xml version="1.0" encoding="UTF-8"?>
<!-- Generated by org.testng.reporters.JUnitXMLReporter -->
<testsuite ignored="0" hostname="DESKTOP-KJ2AQ4I" failures="0" tests="3" name="Default test" time="9.357" errors="0" timestamp="2022-11-20T16:00:56 IST">
  <testcase classname="demoframework.test123$annaoTESTNG" name="bat" time="0.033"/>
  <testcase classname="demoframework.test123$annaoTESTNG" name="apple" time="0.046"/>
  <testcase classname="demoframework.test123$annaoTESTNG" name="car" time="0.002"/>
</testsuite> <!-- Default test -->
