<?xml version="1.0" encoding="UTF-8"?>
<testng-results total="2" passed="2" failed="0" skipped="0">
  <reporter-output>
  </reporter-output>
  <suite started-at="2022-11-03T11:00:54Z" name="Default suite" finished-at="2022-11-03T11:01:46Z" duration-ms="52146">
    <groups>
      <group name="cucumber">
        <method signature="AbstractTestNGCucumberTests.runScenario(io.cucumber.testng.PickleWrapper, io.cucumber.testng.FeatureWrapper)[pri:0, instance:runner1.gururun@5f354bcf]" name="runScenario" class="io.cucumber.testng.AbstractTestNGCucumberTests"/>
      </group> <!-- cucumber -->
    </groups>
    <test started-at="2022-11-03T11:00:54Z" name="Default test" finished-at="2022-11-03T11:01:46Z" duration-ms="52146">
      <class name="runner1.gururun">
        <test-method is-config="true" signature="setUpClass(org.testng.ITestContext)[pri:0, instance:runner1.gururun@5f354bcf]" started-at="2022-11-03T16:30:54Z" name="setUpClass" finished-at="2022-11-03T16:30:54Z" duration-ms="484" status="PASS">
          <params>
            <param index="0">
              <value>
                <![CDATA[org.testng.TestRunner@23da79eb]]>
              </value>
            </param>
          </params>
          <reporter-output>
          </reporter-output>
        </test-method> <!-- setUpClass -->
        <test-method signature="runScenario(io.cucumber.testng.PickleWrapper, io.cucumber.testng.FeatureWrapper)[pri:0, instance:runner1.gururun@5f354bcf]" started-at="2022-11-03T16:30:54Z" name="runScenario" description="Runs Cucumber Scenarios" data-provider="scenarios" finished-at="2022-11-03T16:31:18Z" duration-ms="23931" status="PASS">
          <params>
            <param index="0">
              <value>
                <![CDATA["To Test Login Functionality with valid data"]]>
              </value>
            </param>
            <param index="1">
              <value>
                <![CDATA["Optional[Test guru99]"]]>
              </value>
            </param>
          </params>
          <reporter-output>
          </reporter-output>
        </test-method> <!-- runScenario -->
        <test-method signature="runScenario(io.cucumber.testng.PickleWrapper, io.cucumber.testng.FeatureWrapper)[pri:0, instance:runner1.gururun@5f354bcf]" started-at="2022-11-03T16:31:18Z" name="runScenario" description="Runs Cucumber Scenarios" data-provider="scenarios" finished-at="2022-11-03T16:31:46Z" duration-ms="27676" status="PASS">
          <params>
            <param index="0">
              <value>
                <![CDATA["To Test Login Functionality with valid data"]]>
              </value>
            </param>
            <param index="1">
              <value>
                <![CDATA["Optional[Test guru99]"]]>
              </value>
            </param>
          </params>
          <reporter-output>
          </reporter-output>
        </test-method> <!-- runScenario -->
        <test-method is-config="true" signature="tearDownClass()[pri:0, instance:runner1.gururun@5f354bcf]" started-at="2022-11-03T16:31:46Z" name="tearDownClass" finished-at="2022-11-03T16:31:46Z" duration-ms="18" status="PASS">
          <reporter-output>
          </reporter-output>
        </test-method> <!-- tearDownClass -->
      </class> <!-- runner1.gururun -->
    </test> <!-- Default test -->
  </suite> <!-- Default suite -->
</testng-results>
