<?xml version="1.0" encoding="UTF-8"?>
<testng-results total="2" passed="2" failed="0" skipped="0">
  <reporter-output>
  </reporter-output>
  <suite started-at="2022-10-17T07:47:34Z" name="Default suite" finished-at="2022-10-17T07:47:52Z" duration-ms="17568">
    <groups>
    </groups>
    <test started-at="2022-10-17T07:47:34Z" name="Default test" finished-at="2022-10-17T07:47:52Z" duration-ms="17568">
      <class name="mavensecond.link">
        <test-method is-config="true" signature="beforetest()[pri:0, instance:mavensecond.link@36060e]" started-at="2022-10-17T13:17:34Z" name="beforetest" finished-at="2022-10-17T13:17:42Z" duration-ms="7306" status="PASS">
          <reporter-output>
          </reporter-output>
        </test-method> <!-- beforetest -->
        <test-method signature="Testcase()[pri:0, instance:mavensecond.link@36060e]" started-at="2022-10-17T13:17:42Z" name="Testcase" finished-at="2022-10-17T13:17:46Z" duration-ms="4760" status="PASS">
          <reporter-output>
          </reporter-output>
        </test-method> <!-- Testcase -->
        <test-method signature="Testcase2()[pri:2, instance:mavensecond.link@36060e]" started-at="2022-10-17T13:17:46Z" name="Testcase2" finished-at="2022-10-17T13:17:52Z" duration-ms="5476" status="PASS">
          <reporter-output>
          </reporter-output>
        </test-method> <!-- Testcase2 -->
      </class> <!-- mavensecond.link -->
    </test> <!-- Default test -->
  </suite> <!-- Default suite -->
</testng-results>
