<?xml version="1.0" encoding="UTF-8"?>
<!-- Generated by org.testng.reporters.JUnitXMLReporter -->
<testsuite hostname="DESKTOP-KJ2AQ4I" failures="1" tests="1" name="Test2" time="33.592" errors="0" timestamp="20 Nov 2022 15:53:28 GMT">
  <testcase classname="practice1.myinfo" name="test" time="28.005">
    <failure type="org.openqa.selenium.WebDriverException" message="Failed to decode response from marionette
Build info: version: &amp;apos;4.5.0&amp;apos;, revision: &amp;apos;fe167b119a&amp;apos;
System info: os.name: &amp;apos;Windows 10&amp;apos;, os.arch: &amp;apos;amd64&amp;apos;, os.version: &amp;apos;10.0&amp;apos;, java.version: &amp;apos;17.0.4.1&amp;apos;
Driver info: org.openqa.selenium.firefox.FirefoxDriver
Command: [c449e349-d724-476e-8811-44498f1f045f, findElements {using=xpath, value=//*[@class=&amp;apos;oxd-radio-input oxd-radio-input--active --label-right oxd-radio-input&amp;apos;]}]
Capabilities {acceptInsecureCerts: true, browserName: firefox, browserVersion: 107.0, moz:accessibilityChecks: false, moz:buildID: 20221110173214, moz:debuggerAddress: 127.0.0.1:52490, moz:geckodriverVersion: 0.32.0, moz:headless: false, moz:platformVersion: 10.0, moz:processID: 6880, moz:profile: C:\Users\babu1\AppData\Loca..., moz:shutdownTimeout: 60000, moz:useNonSpecCompliantPointerOrigin: false, moz:webdriverClick: true, moz:windowless: false, pageLoadStrategy: normal, platformName: WINDOWS, proxy: Proxy(), se:cdp: ws://127.0.0.1:52490/devtoo..., se:cdpVersion: 85.0, setWindowRect: true, strictFileInteractability: false, timeouts: {implicit: 0, pageLoad: 300000, script: 30000}, unhandledPromptBehavior: dismiss and notify}
Session ID: c449e349-d724-476e-8811-44498f1f045f">
      <![CDATA[org.openqa.selenium.WebDriverException: Failed to decode response from marionette
Build info: version: '4.5.0', revision: 'fe167b119a'
System info: os.name: 'Windows 10', os.arch: 'amd64', os.version: '10.0', java.version: '17.0.4.1'
Driver info: org.openqa.selenium.firefox.FirefoxDriver
Command: [c449e349-d724-476e-8811-44498f1f045f, findElements {using=xpath, value=//*[@class='oxd-radio-input oxd-radio-input--active --label-right oxd-radio-input']}]
Capabilities {acceptInsecureCerts: true, browserName: firefox, browserVersion: 107.0, moz:accessibilityChecks: false, moz:buildID: 20221110173214, moz:debuggerAddress: 127.0.0.1:52490, moz:geckodriverVersion: 0.32.0, moz:headless: false, moz:platformVersion: 10.0, moz:processID: 6880, moz:profile: C:\Users\babu1\AppData\Loca..., moz:shutdownTimeout: 60000, moz:useNonSpecCompliantPointerOrigin: false, moz:webdriverClick: true, moz:windowless: false, pageLoadStrategy: normal, platformName: WINDOWS, proxy: Proxy(), se:cdp: ws://127.0.0.1:52490/devtoo..., se:cdpVersion: 85.0, setWindowRect: true, strictFileInteractability: false, timeouts: {implicit: 0, pageLoad: 300000, script: 30000}, unhandledPromptBehavior: dismiss and notify}
Session ID: c449e349-d724-476e-8811-44498f1f045f
	at org.openqa.selenium.remote.codec.w3c.W3CHttpResponseCodec.createException(W3CHttpResponseCodec.java:200)
	at org.openqa.selenium.remote.codec.w3c.W3CHttpResponseCodec.decode(W3CHttpResponseCodec.java:133)
	at org.openqa.selenium.remote.codec.w3c.W3CHttpResponseCodec.decode(W3CHttpResponseCodec.java:53)
	at org.openqa.selenium.remote.HttpCommandExecutor.execute(HttpCommandExecutor.java:184)
	at org.openqa.selenium.remote.service.DriverCommandExecutor.invokeExecute(DriverCommandExecutor.java:167)
	at org.openqa.selenium.remote.service.DriverCommandExecutor.execute(DriverCommandExecutor.java:142)
	at org.openqa.selenium.remote.RemoteWebDriver.execute(RemoteWebDriver.java:547)
	at org.openqa.selenium.remote.ElementLocation$ElementFinder$2.findElements(ElementLocation.java:179)
	at org.openqa.selenium.remote.ElementLocation.findElements(ElementLocation.java:102)
	at org.openqa.selenium.remote.RemoteWebDriver.findElements(RemoteWebDriver.java:380)
	at org.openqa.selenium.remote.RemoteWebDriver.findElements(RemoteWebDriver.java:372)
	at practice1.myinfo.test(myinfo.java:75)
... Removed 29 stack frames]]>
    </failure>
  </testcase> <!-- test -->
</testsuite> <!-- Test2 -->
